This file contains any messages produced by compilers while
running configure, to aid debugging if configure makes a mistake.

It was created by dpm-httpd-cgi configure 1.2.0, which was
generated by GNU Autoconf 2.59.  Invocation command line was

  $ ./configure --with-dpm-location=/usr

## --------- ##
## Platform. ##
## --------- ##

hostname = infn-se-03.ct.pi2s2.it
uname -m = x86_64
uname -r = 2.6.18-308.16.1.el5xen
uname -s = Linux
uname -v = #1 SMP Wed Oct 3 01:23:43 EDT 2012

/usr/bin/uname -p = unknown
/bin/uname -X     = unknown

/bin/arch              = x86_64
/usr/bin/arch -k       = unknown
/usr/convex/getsysinfo = unknown
hostinfo               = unknown
/bin/machine           = unknown
/usr/bin/oslevel       = unknown
/bin/universe          = unknown

PATH: /usr/kerberos/sbin
PATH: /usr/kerberos/bin
PATH: /opt/edg/bin
PATH: /opt/glite/bin
PATH: /opt/lcg/bin
PATH: /usr/local/sbin
PATH: /usr/local/bin
PATH: /sbin
PATH: /bin
PATH: /usr/sbin
PATH: /usr/bin
PATH: /usr/lpp/mmfs/bin
PATH: /root/bin


## ----------- ##
## Core tests. ##
## ----------- ##

configure:1360: checking build system type
configure:1378: result: x86_64-unknown-linux-gnu
configure:1386: checking host system type
configure:1400: result: x86_64-unknown-linux-gnu
configure:1420: checking whether make sets $(MAKE)
configure:1440: result: yes
configure:1449: checking target system type
configure:1463: result: x86_64-unknown-linux-gnu
configure:1555: checking for Globus directory
configure:1561: result: GLOBUS found!
configure:1569: checking for DPM api
configure:1573: result: DPM api found!
configure:1596: checking for a BSD-compatible install
configure:1651: result: /usr/bin/install -c
configure:1662: checking whether build environment is sane
configure:1705: result: yes
configure:1770: checking for gawk
configure:1786: found /bin/gawk
configure:1796: result: gawk
configure:2044: checking for gcc
configure:2060: found /usr/bin/gcc
configure:2070: result: gcc
configure:2314: checking for C compiler version
configure:2317: gcc --version </dev/null >&5
gcc (GCC) 4.1.2 20080704 (Red Hat 4.1.2-50)
Copyright (C) 2006 Free Software Foundation, Inc.
This is free software; see the source for copying conditions.  There is NO
warranty; not even for MERCHANTABILITY or FITNESS FOR A PARTICULAR PURPOSE.

configure:2320: $? = 0
configure:2322: gcc -v </dev/null >&5
Using built-in specs.
Target: x86_64-redhat-linux
Configured with: ../configure --prefix=/usr --mandir=/usr/share/man --infodir=/usr/share/info --enable-shared --enable-threads=posix --enable-checking=release --with-system-zlib --enable-__cxa_atexit --disable-libunwind-exceptions --enable-libgcj-multifile --enable-languages=c,c++,objc,obj-c++,java,fortran,ada --enable-java-awt=gtk --disable-dssi --disable-plugin --with-java-home=/usr/lib/jvm/java-1.4.2-gcj-1.4.2.0/jre --with-cpu=generic --host=x86_64-redhat-linux
Thread model: posix
gcc version 4.1.2 20080704 (Red Hat 4.1.2-50)
configure:2325: $? = 0
configure:2327: gcc -V </dev/null >&5
gcc: '-V' option must have argument
configure:2330: $? = 1
configure:2353: checking for C compiler default output file name
configure:2356: gcc    conftest.c  >&5
configure:2359: $? = 0
configure:2405: result: a.out
configure:2410: checking whether the C compiler works
configure:2416: ./a.out
configure:2419: $? = 0
configure:2436: result: yes
configure:2443: checking whether we are cross compiling
configure:2445: result: no
configure:2448: checking for suffix of executables
configure:2450: gcc -o conftest    conftest.c  >&5
configure:2453: $? = 0
configure:2478: result: 
configure:2484: checking for suffix of object files
configure:2505: gcc -c   conftest.c >&5
configure:2508: $? = 0
configure:2530: result: o
configure:2534: checking whether we are using the GNU C compiler
configure:2558: gcc -c   conftest.c >&5
configure:2564: $? = 0
configure:2568: test -z 
			 || test ! -s conftest.err
configure:2571: $? = 0
configure:2574: test -s conftest.o
configure:2577: $? = 0
configure:2590: result: yes
configure:2596: checking whether gcc accepts -g
configure:2617: gcc -c -g  conftest.c >&5
configure:2623: $? = 0
configure:2627: test -z 
			 || test ! -s conftest.err
configure:2630: $? = 0
configure:2633: test -s conftest.o
configure:2636: $? = 0
configure:2647: result: yes
configure:2664: checking for gcc option to accept ANSI C
configure:2734: gcc  -c -g -O2  conftest.c >&5
configure:2740: $? = 0
configure:2744: test -z 
			 || test ! -s conftest.err
configure:2747: $? = 0
configure:2750: test -s conftest.o
configure:2753: $? = 0
configure:2771: result: none needed
configure:2789: gcc -c -g -O2  conftest.c >&5
conftest.c:2: error: expected '=', ',', ';', 'asm' or '__attribute__' before 'me'
configure:2795: $? = 1
configure: failed program was:
| #ifndef __cplusplus
|   choke me
| #endif
configure:2939: checking for style of include used by make
configure:2967: result: GNU
configure:2995: checking dependency style of gcc
configure:3085: result: gcc3
configure:3110: checking how to run the C preprocessor
configure:3145: gcc -E  conftest.c
configure:3151: $? = 0
configure:3183: gcc -E  conftest.c
conftest.c:13:28: error: ac_nonexistent.h: No such file or directory
configure:3189: $? = 1
configure: failed program was:
| /* confdefs.h.  */
| 
| #define PACKAGE_NAME "dpm-httpd-cgi"
| #define PACKAGE_TARNAME "dpm-httpd-cgi"
| #define PACKAGE_VERSION "1.2.0"
| #define PACKAGE_STRING "dpm-httpd-cgi 1.2.0"
| #define PACKAGE_BUGREPORT "andreas.joachim.peters@cern.ch"
| #define __linux__ 1
| #define __linux 1
| #define PACKAGE "dpm-httpd-cgi"
| #define VERSION "1.2.0"
| /* end confdefs.h.  */
| #include <ac_nonexistent.h>
configure:3228: result: gcc -E
configure:3252: gcc -E  conftest.c
configure:3258: $? = 0
configure:3290: gcc -E  conftest.c
conftest.c:13:28: error: ac_nonexistent.h: No such file or directory
configure:3296: $? = 1
configure: failed program was:
| /* confdefs.h.  */
| 
| #define PACKAGE_NAME "dpm-httpd-cgi"
| #define PACKAGE_TARNAME "dpm-httpd-cgi"
| #define PACKAGE_VERSION "1.2.0"
| #define PACKAGE_STRING "dpm-httpd-cgi 1.2.0"
| #define PACKAGE_BUGREPORT "andreas.joachim.peters@cern.ch"
| #define __linux__ 1
| #define __linux 1
| #define PACKAGE "dpm-httpd-cgi"
| #define VERSION "1.2.0"
| /* end confdefs.h.  */
| #include <ac_nonexistent.h>
configure:3340: checking for egrep
configure:3350: result: grep -E
configure:3355: checking for ANSI C header files
configure:3380: gcc -c -g -O2  conftest.c >&5
configure:3386: $? = 0
configure:3390: test -z 
			 || test ! -s conftest.err
configure:3393: $? = 0
configure:3396: test -s conftest.o
configure:3399: $? = 0
configure:3488: gcc -o conftest -g -O2   conftest.c  >&5
conftest.c: In function 'main':
conftest.c:30: warning: incompatible implicit declaration of built-in function 'exit'
configure:3491: $? = 0
configure:3493: ./conftest
configure:3496: $? = 0
configure:3511: result: yes
configure:3535: checking for sys/types.h
configure:3551: gcc -c -g -O2  conftest.c >&5
configure:3557: $? = 0
configure:3561: test -z 
			 || test ! -s conftest.err
configure:3564: $? = 0
configure:3567: test -s conftest.o
configure:3570: $? = 0
configure:3581: result: yes
configure:3535: checking for sys/stat.h
configure:3551: gcc -c -g -O2  conftest.c >&5
configure:3557: $? = 0
configure:3561: test -z 
			 || test ! -s conftest.err
configure:3564: $? = 0
configure:3567: test -s conftest.o
configure:3570: $? = 0
configure:3581: result: yes
configure:3535: checking for stdlib.h
configure:3551: gcc -c -g -O2  conftest.c >&5
configure:3557: $? = 0
configure:3561: test -z 
			 || test ! -s conftest.err
configure:3564: $? = 0
configure:3567: test -s conftest.o
configure:3570: $? = 0
configure:3581: result: yes
configure:3535: checking for string.h
configure:3551: gcc -c -g -O2  conftest.c >&5
configure:3557: $? = 0
configure:3561: test -z 
			 || test ! -s conftest.err
configure:3564: $? = 0
configure:3567: test -s conftest.o
configure:3570: $? = 0
configure:3581: result: yes
configure:3535: checking for memory.h
configure:3551: gcc -c -g -O2  conftest.c >&5
configure:3557: $? = 0
configure:3561: test -z 
			 || test ! -s conftest.err
configure:3564: $? = 0
configure:3567: test -s conftest.o
configure:3570: $? = 0
configure:3581: result: yes
configure:3535: checking for strings.h
configure:3551: gcc -c -g -O2  conftest.c >&5
configure:3557: $? = 0
configure:3561: test -z 
			 || test ! -s conftest.err
configure:3564: $? = 0
configure:3567: test -s conftest.o
configure:3570: $? = 0
configure:3581: result: yes
configure:3535: checking for inttypes.h
configure:3551: gcc -c -g -O2  conftest.c >&5
configure:3557: $? = 0
configure:3561: test -z 
			 || test ! -s conftest.err
configure:3564: $? = 0
configure:3567: test -s conftest.o
configure:3570: $? = 0
configure:3581: result: yes
configure:3535: checking for stdint.h
configure:3551: gcc -c -g -O2  conftest.c >&5
configure:3557: $? = 0
configure:3561: test -z 
			 || test ! -s conftest.err
configure:3564: $? = 0
configure:3567: test -s conftest.o
configure:3570: $? = 0
configure:3581: result: yes
configure:3535: checking for unistd.h
configure:3551: gcc -c -g -O2  conftest.c >&5
configure:3557: $? = 0
configure:3561: test -z 
			 || test ! -s conftest.err
configure:3564: $? = 0
configure:3567: test -s conftest.o
configure:3570: $? = 0
configure:3581: result: yes
configure:3593: checking for stdbool.h that conforms to C99
configure:3646: gcc -c -g -O2  conftest.c >&5
configure:3652: $? = 0
configure:3656: test -z 
			 || test ! -s conftest.err
configure:3659: $? = 0
configure:3662: test -s conftest.o
configure:3665: $? = 0
configure:3676: result: yes
configure:3678: checking for _Bool
configure:3702: gcc -c -g -O2  conftest.c >&5
configure:3708: $? = 0
configure:3712: test -z 
			 || test ! -s conftest.err
configure:3715: $? = 0
configure:3718: test -s conftest.o
configure:3721: $? = 0
configure:3732: result: yes
configure:3751: checking for an ANSI C-conforming const
configure:3818: gcc -c -g -O2  conftest.c >&5
configure:3824: $? = 0
configure:3828: test -z 
			 || test ! -s conftest.err
configure:3831: $? = 0
configure:3834: test -s conftest.o
configure:3837: $? = 0
configure:3848: result: yes
configure:3858: checking for mode_t
configure:3882: gcc -c -g -O2  conftest.c >&5
configure:3888: $? = 0
configure:3892: test -z 
			 || test ! -s conftest.err
configure:3895: $? = 0
configure:3898: test -s conftest.o
configure:3901: $? = 0
configure:3912: result: yes
configure:3924: checking for size_t
configure:3948: gcc -c -g -O2  conftest.c >&5
configure:3954: $? = 0
configure:3958: test -z 
			 || test ! -s conftest.err
configure:3961: $? = 0
configure:3964: test -s conftest.o
configure:3967: $? = 0
configure:3978: result: yes
configure:3990: checking whether time.h and sys/time.h may both be included
configure:4015: gcc -c -g -O2  conftest.c >&5
configure:4021: $? = 0
configure:4025: test -z 
			 || test ! -s conftest.err
configure:4028: $? = 0
configure:4031: test -s conftest.o
configure:4034: $? = 0
configure:4045: result: yes
configure:4057: checking whether lstat dereferences a symlink specified with a trailing slash
configure:4088: gcc -o conftest -g -O2   conftest.c  >&5
configure:4091: $? = 0
configure:4093: ./conftest
configure:4096: $? = 0
configure:4117: result: yes
configure:4138: checking whether stat accepts an empty string
configure:4163: gcc -o conftest -g -O2   conftest.c  >&5
configure:4166: $? = 0
configure:4168: ./conftest
configure:4171: $? = 1
configure: program exited with status 1
configure: failed program was:
| /* confdefs.h.  */
| 
| #define PACKAGE_NAME "dpm-httpd-cgi"
| #define PACKAGE_TARNAME "dpm-httpd-cgi"
| #define PACKAGE_VERSION "1.2.0"
| #define PACKAGE_STRING "dpm-httpd-cgi 1.2.0"
| #define PACKAGE_BUGREPORT "andreas.joachim.peters@cern.ch"
| #define __linux__ 1
| #define __linux 1
| #define PACKAGE "dpm-httpd-cgi"
| #define VERSION "1.2.0"
| #define STDC_HEADERS 1
| #define HAVE_SYS_TYPES_H 1
| #define HAVE_SYS_STAT_H 1
| #define HAVE_STDLIB_H 1
| #define HAVE_STRING_H 1
| #define HAVE_MEMORY_H 1
| #define HAVE_STRINGS_H 1
| #define HAVE_INTTYPES_H 1
| #define HAVE_STDINT_H 1
| #define HAVE_UNISTD_H 1
| #define HAVE__BOOL 1
| #define HAVE_STDBOOL_H 1
| #define TIME_WITH_SYS_TIME 1
| #define LSTAT_FOLLOWS_SLASHED_SYMLINK 1
| /* end confdefs.h.  */
| #include <stdio.h>
| #if HAVE_SYS_TYPES_H
| # include <sys/types.h>
| #endif
| #if HAVE_SYS_STAT_H
| # include <sys/stat.h>
| #endif
| #if STDC_HEADERS
| # include <stdlib.h>
| # include <stddef.h>
| #else
| # if HAVE_STDLIB_H
| #  include <stdlib.h>
| # endif
| #endif
| #if HAVE_STRING_H
| # if !STDC_HEADERS && HAVE_MEMORY_H
| #  include <memory.h>
| # endif
| # include <string.h>
| #endif
| #if HAVE_STRINGS_H
| # include <strings.h>
| #endif
| #if HAVE_INTTYPES_H
| # include <inttypes.h>
| #else
| # if HAVE_STDINT_H
| #  include <stdint.h>
| # endif
| #endif
| #if HAVE_UNISTD_H
| # include <unistd.h>
| #endif
| int
| main ()
| {
| struct stat sbuf;
|   exit (stat ("", &sbuf) ? 1 : 0);
|   ;
|   return 0;
| }
configure:4185: result: no
configure:4209: checking for gettimeofday
configure:4266: gcc -o conftest -g -O2   conftest.c  >&5
configure:4272: $? = 0
configure:4276: test -z 
			 || test ! -s conftest.err
configure:4279: $? = 0
configure:4282: test -s conftest
configure:4285: $? = 0
configure:4297: result: yes
configure:4209: checking for mkdir
configure:4266: gcc -o conftest -g -O2   conftest.c  >&5
configure:4272: $? = 0
configure:4276: test -z 
			 || test ! -s conftest.err
configure:4279: $? = 0
configure:4282: test -s conftest
configure:4285: $? = 0
configure:4297: result: yes
configure:4209: checking for strdup
configure:4266: gcc -o conftest -g -O2   conftest.c  >&5
conftest.c:53: warning: conflicting types for built-in function 'strdup'
configure:4272: $? = 0
configure:4276: test -z 
			 || test ! -s conftest.err
configure:4279: $? = 0
configure:4282: test -s conftest
configure:4285: $? = 0
configure:4297: result: yes
configure:4450: creating ./config.status

## ---------------------- ##
## Running config.status. ##
## ---------------------- ##

This file was extended by dpm-httpd-cgi config.status 1.2.0, which was
generated by GNU Autoconf 2.59.  Invocation command line was

  CONFIG_FILES    = 
  CONFIG_HEADERS  = 
  CONFIG_LINKS    = 
  CONFIG_COMMANDS = 
  $ ./config.status 

on infn-se-03.ct.pi2s2.it

config.status:697: creating Makefile
config.status:880: executing depfiles commands

## ---------------- ##
## Cache variables. ##
## ---------------- ##

ac_cv_build=x86_64-unknown-linux-gnu
ac_cv_build_alias=x86_64-unknown-linux-gnu
ac_cv_c_compiler_gnu=yes
ac_cv_c_const=yes
ac_cv_env_CC_set=
ac_cv_env_CC_value=
ac_cv_env_CFLAGS_set=
ac_cv_env_CFLAGS_value=
ac_cv_env_CPPFLAGS_set=
ac_cv_env_CPPFLAGS_value=
ac_cv_env_CPP_set=
ac_cv_env_CPP_value=
ac_cv_env_LDFLAGS_set=
ac_cv_env_LDFLAGS_value=
ac_cv_env_build_alias_set=
ac_cv_env_build_alias_value=
ac_cv_env_host_alias_set=
ac_cv_env_host_alias_value=
ac_cv_env_target_alias_set=
ac_cv_env_target_alias_value=
ac_cv_exeext=
ac_cv_func_gettimeofday=yes
ac_cv_func_lstat_dereferences_slashed_symlink=yes
ac_cv_func_mkdir=yes
ac_cv_func_stat_empty_string_bug=no
ac_cv_func_strdup=yes
ac_cv_header_inttypes_h=yes
ac_cv_header_memory_h=yes
ac_cv_header_stdbool_h=yes
ac_cv_header_stdc=yes
ac_cv_header_stdint_h=yes
ac_cv_header_stdlib_h=yes
ac_cv_header_string_h=yes
ac_cv_header_strings_h=yes
ac_cv_header_sys_stat_h=yes
ac_cv_header_sys_types_h=yes
ac_cv_header_time=yes
ac_cv_header_unistd_h=yes
ac_cv_host=x86_64-unknown-linux-gnu
ac_cv_host_alias=x86_64-unknown-linux-gnu
ac_cv_objext=o
ac_cv_path_install='/usr/bin/install -c'
ac_cv_prog_AWK=gawk
ac_cv_prog_CPP='gcc -E'
ac_cv_prog_ac_ct_CC=gcc
ac_cv_prog_cc_g=yes
ac_cv_prog_cc_stdc=
ac_cv_prog_egrep='grep -E'
ac_cv_prog_make_make_set=yes
ac_cv_target=x86_64-unknown-linux-gnu
ac_cv_target_alias=x86_64-unknown-linux-gnu
ac_cv_type__Bool=yes
ac_cv_type_mode_t=yes
ac_cv_type_size_t=yes
am_cv_CC_dependencies_compiler_type=gcc3

## ----------------- ##
## Output variables. ##
## ----------------- ##

ACLOCAL='${SHELL} /root/glibrary/org.glite.data.dpm-httpd-cgi/missing --run aclocal-1.9'
AMDEPBACKSLASH='\'
AMDEP_FALSE='#'
AMDEP_TRUE=''
AMTAR='${SHELL} /root/glibrary/org.glite.data.dpm-httpd-cgi/missing --run tar'
AUTOCONF='${SHELL} /root/glibrary/org.glite.data.dpm-httpd-cgi/missing --run autoconf'
AUTOHEADER='${SHELL} /root/glibrary/org.glite.data.dpm-httpd-cgi/missing --run autoheader'
AUTOMAKE='${SHELL} /root/glibrary/org.glite.data.dpm-httpd-cgi/missing --run automake-1.9'
AWK='gawk'
CC='gcc'
CCDEPMODE='depmode=gcc3'
CFLAGS='-g -O2'
CPP='gcc -E'
CPPFLAGS=''
CYGPATH_W='echo'
DEFS='-DPACKAGE_NAME=\"dpm-httpd-cgi\" -DPACKAGE_TARNAME=\"dpm-httpd-cgi\" -DPACKAGE_VERSION=\"1.2.0\" -DPACKAGE_STRING=\"dpm-httpd-cgi\ 1.2.0\" -DPACKAGE_BUGREPORT=\"andreas.joachim.peters@cern.ch\" -D__linux__=1 -D__linux=1 -DPACKAGE=\"dpm-httpd-cgi\" -DVERSION=\"1.2.0\" -DSTDC_HEADERS=1 -DHAVE_SYS_TYPES_H=1 -DHAVE_SYS_STAT_H=1 -DHAVE_STDLIB_H=1 -DHAVE_STRING_H=1 -DHAVE_MEMORY_H=1 -DHAVE_STRINGS_H=1 -DHAVE_INTTYPES_H=1 -DHAVE_STDINT_H=1 -DHAVE_UNISTD_H=1 -DHAVE__BOOL=1 -DHAVE_STDBOOL_H=1 -DTIME_WITH_SYS_TIME=1 -DLSTAT_FOLLOWS_SLASHED_SYMLINK=1 -DHAVE_GETTIMEOFDAY=1 -DHAVE_MKDIR=1 -DHAVE_STRDUP=1 '
DEPDIR='.deps'
DPM_LDFLAGS='-L/usr/lib64 -L/usr/lib'
DPM_LOCATION='/usr'
ECHO_C=''
ECHO_N='-n'
ECHO_T=''
EGREP='grep -E'
EXEEXT=''
GLOBUS_FLAVOR='gcc64'
GLOBUS_LOCATION='/opt/globus'
INSTALL_DATA='${INSTALL} -m 644'
INSTALL_PROGRAM='${INSTALL}'
INSTALL_SCRIPT='${INSTALL}'
INSTALL_STRIP_PROGRAM='${SHELL} $(install_sh) -c -s'
LDFLAGS=''
LIBOBJS=''
LIBS=''
LTLIBOBJS=''
MAKEINFO='${SHELL} /root/glibrary/org.glite.data.dpm-httpd-cgi/missing --run makeinfo'
OBJEXT='o'
PACKAGE='dpm-httpd-cgi'
PACKAGE_BUGREPORT='andreas.joachim.peters@cern.ch'
PACKAGE_NAME='dpm-httpd-cgi'
PACKAGE_STRING='dpm-httpd-cgi 1.2.0'
PACKAGE_TARNAME='dpm-httpd-cgi'
PACKAGE_VERSION='1.2.0'
PATH_SEPARATOR=':'
SET_MAKE=''
SHELL='/bin/sh'
STRIP=''
VERSION='1.2.0'
ac_ct_CC='gcc'
ac_ct_STRIP=''
am__fastdepCC_FALSE='#'
am__fastdepCC_TRUE=''
am__include='include'
am__leading_dot='.'
am__quote=''
am__tar='${AMTAR} chof - "$$tardir"'
am__untar='${AMTAR} xf -'
bindir='${exec_prefix}/bin'
build='x86_64-unknown-linux-gnu'
build_alias=''
build_cpu='x86_64'
build_os='linux-gnu'
build_vendor='unknown'
datadir='${prefix}/share'
exec_prefix='${prefix}'
host='x86_64-unknown-linux-gnu'
host_alias=''
host_cpu='x86_64'
host_os='linux-gnu'
host_vendor='unknown'
includedir='${prefix}/include'
infodir='${prefix}/info'
install_sh='/root/glibrary/org.glite.data.dpm-httpd-cgi/install-sh'
libdir='${exec_prefix}/lib64'
libexecdir='${exec_prefix}/libexec'
localstatedir='${prefix}/var'
mandir='${prefix}/man'
mkdir_p='mkdir -p --'
oldincludedir='/usr/include'
prefix='/usr/local'
program_transform_name='s,x,x,'
sbindir='${exec_prefix}/sbin'
sharedstatedir='${prefix}/com'
sysconfdir='${prefix}/etc'
target='x86_64-unknown-linux-gnu'
target_alias=''
target_cpu='x86_64'
target_os='linux-gnu'
target_vendor='unknown'

## ----------- ##
## confdefs.h. ##
## ----------- ##

#define HAVE_GETTIMEOFDAY 1
#define HAVE_INTTYPES_H 1
#define HAVE_MEMORY_H 1
#define HAVE_MKDIR 1
#define HAVE_STDBOOL_H 1
#define HAVE_STDINT_H 1
#define HAVE_STDLIB_H 1
#define HAVE_STRDUP 1
#define HAVE_STRINGS_H 1
#define HAVE_STRING_H 1
#define HAVE_SYS_STAT_H 1
#define HAVE_SYS_TYPES_H 1
#define HAVE_UNISTD_H 1
#define HAVE__BOOL 1
#define LSTAT_FOLLOWS_SLASHED_SYMLINK 1
#define PACKAGE "dpm-httpd-cgi"
#define PACKAGE_BUGREPORT "andreas.joachim.peters@cern.ch"
#define PACKAGE_NAME "dpm-httpd-cgi"
#define PACKAGE_STRING "dpm-httpd-cgi 1.2.0"
#define PACKAGE_TARNAME "dpm-httpd-cgi"
#define PACKAGE_VERSION "1.2.0"
#define STDC_HEADERS 1
#define TIME_WITH_SYS_TIME 1
#define VERSION "1.2.0"
#define __linux 1
#define __linux__ 1

configure: exit 0

## ---------------------- ##
## Running config.status. ##
## ---------------------- ##

This file was extended by dpm-httpd-cgi config.status 1.2.0, which was
generated by GNU Autoconf 2.59.  Invocation command line was

  CONFIG_FILES    = 
  CONFIG_HEADERS  = 
  CONFIG_LINKS    = 
  CONFIG_COMMANDS = 
  $ ./config.status Makefile depfiles

on infn-se-03.ct.pi2s2.it

config.status:697: creating Makefile
config.status:880: executing depfiles commands
